01000000
00100000
11100000
00000000
00000000
00000000
00000000
00000000

00000000
10100000
01100000
01000000
00000000
00000000
00000000
00000000

00000000
00100000
10100000
01100000
00000000
00000000
00000000
00000000

00000000
01000000
00110000
01100000
00000000
00000000
00000000
00000000

00000000
00100000
00010000
01110000
00000000
00000000
00000000
00000000

00000000
00000000
01010000
00110000
00100000
00000000
00000000
00000000

00000000
00000000
00010000
01010000
00110000
00000000
00000000
00000000

00000000
00000000
00100000
00011000
00110000
00000000
00000000
00000000

00000000
00000000
00010000
00001000
00111000
00000000
00000000
00000000

00000000
00000000
00000000
00101000
00011000
00010000
00000000
00000000

00000000
00000000
00000000
00001000
00101000
00011000
00000000
00000000

00000000
00000000
00000000
00010000
00001100
00011000
00000000
00000000

00000000
00000000
00000000
00001000
00000100
00011100
00000000
00000000

00000000
00000000
00000000
00000000
00010100
00001100
00001000
00000000

00000000
00000000
00000000
00000000
00000100
00010100
00001100
00000000

00000000
00000000
00000000
00000000
00001000
00000110
00001100
00000000

00000000
00000000
00000000
00000000
00000100
00000010
00001110
00000000

00000000
00000000
00000000
00000000
00000000
00001010
00000110
00000100

00000000
00000000
00000000
00000000
00000000
00000010
00001010
00000110

00000000
00000000
00000000
00000000
00000000
00000100
00000011
00000110

00000000
00000000
00000000
00000000
00000000
00000010
00000001
00000111

00000000
00000000
00000000
00000000
00000000
00000000
00000101
00000011

00000000
00000000
00000000
00000000
00000000
00000000
00000001
00000011

